<h2>Part One</h2>
Here is the 2.5Mbps version (click <a href="http://ec2-46-51-166-231.eu-west-1.compute.amazonaws.com:1935/vod/_definst_/mp4:14/wildernesstrek/wildernesstrek-1-2500.mov/playlist.m3u8">here</a> for iphone/ipad version)

[jwplayer config="768x576" mediaid="4007"]

and here is the 1Mbps version (click <a href="http://ec2-46-51-166-231.eu-west-1.compute.amazonaws.com:1935/vod/_definst_/mp4:14/wildernesstrek/wildernesstrek-1-1000.mov/playlist.m3u8">here</a> for iphone/ipad version)

[jwplayer config="768x576" mediaid="4008"]

Or if you are on a slow iPhone/iPad connection you can try a lower bandwidth version by clicking <a href="http://ec2-46-51-166-231.eu-west-1.compute.amazonaws.com:1935/vod/_definst_/mp4:14/wildernesstrek/wildernesstrek-1-300.mov/playlist.m3u8">here</a>

Or download the video using these links. Right click the link (or ctrl-click on a mac) and us 'save as' :-

<a href="http://static.timparkin.co.uk/static/landscapegb/14/wildernesstrek/wildernesstrek-1-2500.mov">2.5Mpbs</a>
<a href="http://static.timparkin.co.uk/static/landscapegb/14/wildernesstrek/wildernesstrek-1-1000.mov">1Mpbs</a>
<a href="http://static.timparkin.co.uk/static/landscapegb/14/wildernesstrek/wildernesstrek-1-300.mov">300kbps</a>

<h2>Part Two</h2>
Here is the 2.5Mbps version (click <a href="http://ec2-46-51-166-231.eu-west-1.compute.amazonaws.com:1935/vod/_definst_/mp4:14/wildernesstrek/wildernesstrek-2-2500.mov/playlist.m3u8">here</a> for iphone/ipad version)

[jwplayer config="768x576" mediaid="4009"]

and here is the 1Mbps version (click <a href="http://ec2-46-51-166-231.eu-west-1.compute.amazonaws.com:1935/vod/_definst_/mp4:14/wildernesstrek/wildernesstrek-2-1000.mov/playlist.m3u8">here</a> for iphone/ipad version)

[jwplayer config="768x576" mediaid="4010"]

Or if you are on a slow iPhone/iPad connection you can try a lower bandwidth version by clicking <a href="http://ec2-46-51-166-231.eu-west-1.compute.amazonaws.com:1935/vod/_definst_/mp4:14/wildernesstrek/wildernesstrek-2-300.mov/playlist.m3u8">here</a>

Or download the video using these links. Right click the link (or ctrl-click on a mac) and us 'save as' :-

<a href="http://static.timparkin.co.uk/static/landscapegb/14/wildernesstrek/wildernesstrek-2-2500.mov">2.5Mpbs</a>
<a href="http://static.timparkin.co.uk/static/landscapegb/14/wildernesstrek/wildernesstrek-2-1000.mov">1Mpbs</a>
<a href="http://static.timparkin.co.uk/static/landscapegb/14/wildernesstrek/wildernesstrek-2-300.mov">300kbps</a>

rtmp://ec2-46-51-166-231.eu-west-1.compute.amazonaws.com/vod/mp4:14/wildernesstrek/wildernesstrek-1-2500.mov
rtmp://ec2-46-51-166-231.eu-west-1.compute.amazonaws.com/vod/mp4:14/wildernesstrek/wildernesstrek-1-1000.mov

rtmp://ec2-46-51-166-231.eu-west-1.compute.amazonaws.com/vod/mp4:14/wildernesstrek/wildernesstrek-2-2500.mov
rtmp://ec2-46-51-166-231.eu-west-1.compute.amazonaws.com/vod/mp4:14/wildernesstrek/wildernesstrek-2-1000.mov

